<?xml version="1.0" encoding="UTF-8"?>
<testng-results skipped="0" failed="0" total="2" passed="2">
  <reporter-output>
  </reporter-output>
  <suite name="Testing Google Apps" duration-ms="43019" started-at="2020-09-11T21:10:12Z" finished-at="2020-09-11T21:10:55Z">
    <groups>
    </groups>
    <test name="FreeCRM Sanity Test" duration-ms="43019" started-at="2020-09-11T21:10:12Z" finished-at="2020-09-11T21:10:55Z">
      <class name="com.crm.qa.tests.ContactsPageTest">
        <test-method status="PASS" signature="setUp()[pri:0, instance:com.crm.qa.tests.ContactsPageTest@46d56d67]" name="setUp" is-config="true" duration-ms="28441" started-at="2020-09-12T02:40:12Z" finished-at="2020-09-12T02:40:41Z">
          <reporter-output>
          </reporter-output>
        </test-method> <!-- setUp -->
        <test-method status="PASS" signature="verifyContactName()[pri:0, instance:com.crm.qa.tests.ContactsPageTest@46d56d67]" name="verifyContactName" duration-ms="909" started-at="2020-09-12T02:40:41Z" finished-at="2020-09-12T02:40:42Z">
          <reporter-output>
          </reporter-output>
        </test-method> <!-- verifyContactName -->
        <test-method status="PASS" signature="tearDown()[pri:0, instance:com.crm.qa.tests.ContactsPageTest@46d56d67]" name="tearDown" is-config="true" duration-ms="1870" started-at="2020-09-12T02:40:42Z" finished-at="2020-09-12T02:40:44Z">
          <reporter-output>
          </reporter-output>
        </test-method> <!-- tearDown -->
        <test-method status="PASS" signature="setUp()[pri:0, instance:com.crm.qa.tests.ContactsPageTest@46d56d67]" name="setUp" is-config="true" duration-ms="10583" started-at="2020-09-12T02:40:44Z" finished-at="2020-09-12T02:40:54Z">
          <reporter-output>
          </reporter-output>
        </test-method> <!-- setUp -->
        <test-method status="PASS" signature="verifyPageName()[pri:0, instance:com.crm.qa.tests.ContactsPageTest@46d56d67]" name="verifyPageName" duration-ms="520" started-at="2020-09-12T02:40:54Z" finished-at="2020-09-12T02:40:55Z">
          <reporter-output>
          </reporter-output>
        </test-method> <!-- verifyPageName -->
        <test-method status="PASS" signature="tearDown()[pri:0, instance:com.crm.qa.tests.ContactsPageTest@46d56d67]" name="tearDown" is-config="true" duration-ms="657" started-at="2020-09-12T02:40:55Z" finished-at="2020-09-12T02:40:55Z">
          <reporter-output>
          </reporter-output>
        </test-method> <!-- tearDown -->
      </class> <!-- com.crm.qa.tests.ContactsPageTest -->
    </test> <!-- FreeCRM Sanity Test -->
  </suite> <!-- Testing Google Apps -->
</testng-results>
